>|> 20241011 20:36:38.844 -|- INFO -|- AlignSettings -|- 0x7efdb9f65b80|| -|- Using 6 threads for alignments, 2 threads for sorting, and 1.5G bytes RAM for sorting.
>|> 20241011 20:36:38.844 -|- INFO -|- CheckPositionalArgs -|- 0x7efdb9f65b80|| -|- READ input file: outputs/flnc-1.bam
>|> 20241011 20:36:38.844 -|- INFO -|- CheckPositionalArgs -|- 0x7efdb9f65b80|| -|- REF  input file: resources/merged_TX_noMatPAR.fa
>|> 20241011 20:36:38.901 -|- WARN -|- operator() -|- 0x7efdb9f65b80|| -|- Input is aligned reads. Only primary alignments will be respected to allow idempotence!
>|> 20241011 20:36:38.902 -|- INFO -|- Index -|- 0x7efdb9f65b80|| -|- Start reading/building index
>|> 20241011 20:38:20.260 -|- INFO -|- Index -|- 0x7efdb9f65b80|| -|- Finished reading/building index
>|> 20241011 20:38:22.958 -|- DEBUG -|- PostInit -|- 0x7efdb9f65b80|| -|- Minimap2 parameters based on preset: ISOSEQ
>|> 20241011 20:38:22.958 -|- DEBUG -|- PostInit -|- 0x7efdb9f65b80|| -|- Kmer size              : 15
>|> 20241011 20:38:22.958 -|- DEBUG -|- PostInit -|- 0x7efdb9f65b80|| -|- Minimizer window size  : 5
>|> 20241011 20:38:22.958 -|- DEBUG -|- PostInit -|- 0x7efdb9f65b80|| -|- Homopolymer compressed : false
>|> 20241011 20:38:22.958 -|- DEBUG -|- PostInit -|- 0x7efdb9f65b80|| -|- Gap open 1             : 2
>|> 20241011 20:38:22.958 -|- DEBUG -|- PostInit -|- 0x7efdb9f65b80|| -|- Gap open 2             : 32
>|> 20241011 20:38:22.958 -|- DEBUG -|- PostInit -|- 0x7efdb9f65b80|| -|- Gap extension 1        : 1
>|> 20241011 20:38:22.958 -|- DEBUG -|- PostInit -|- 0x7efdb9f65b80|| -|- Gap extension 2        : 0
>|> 20241011 20:38:22.958 -|- DEBUG -|- PostInit -|- 0x7efdb9f65b80|| -|- Match score            : 1
>|> 20241011 20:38:22.958 -|- DEBUG -|- PostInit -|- 0x7efdb9f65b80|| -|- Mismatch penalty       : 2
>|> 20241011 20:38:22.958 -|- DEBUG -|- PostInit -|- 0x7efdb9f65b80|| -|- Z-drop                 : 200
>|> 20241011 20:38:22.958 -|- DEBUG -|- PostInit -|- 0x7efdb9f65b80|| -|- Z-drop inv             : 100
>|> 20241011 20:38:22.958 -|- DEBUG -|- PostInit -|- 0x7efdb9f65b80|| -|- Bandwidth              : 200000
>|> 20241011 20:38:22.958 -|- DEBUG -|- PostInit -|- 0x7efdb9f65b80|| -|- Max gap                : 2000
>|> 20241011 20:38:22.958 -|- DEBUG -|- PostInit -|- 0x7efdb9f65b80|| -|- Max ref intron length  : 200000
>|> 20241011 20:38:22.958 -|- DEBUG -|- PostInit -|- 0x7efdb9f65b80|| -|- Prefer splice flanks   : yes
>|> 20241011 20:38:25.184 -|- DEBUG -|- CreateTmpFile -|- 0x7efdb7bfb640|| -|- Trying pipe /tmp/fileutF76h
>|> 20241011 20:38:25.185 -|- DEBUG -|- operator() -|- 0x7efdb63f8640|| -|- [TMPDIR] Could not find environment variable, using working directory: /ohta2/bianca.sacchi/kinnex
>|> 20241011 20:38:29.238 -|- DEBUG -|- operator() -|- 0x7efdb8bfd640|| -|- #Reads, #Aln, #RPM: 1490, 1400, 14900
>|> 20241011 20:38:35.364 -|- DEBUG -|- operator() -|- 0x7efdb93fe640|| -|- #Reads, #Aln, #RPM: 3976, 3900, 19880
>|> 20241011 20:38:41.523 -|- DEBUG -|- operator() -|- 0x7efdb7bfb640|| -|- #Reads, #Aln, #RPM: 6167, 6100, 20557
>|> 20241011 20:38:48.248 -|- DEBUG -|- operator() -|- 0x7efdb83fc640|| -|- #Reads, #Aln, #RPM: 8059, 8000, 19342
>|> 20241011 20:38:54.964 -|- DEBUG -|- operator() -|- 0x7efdb7bfb640|| -|- #Reads, #Aln, #RPM: 10747, 10700, 20801
>|> 20241011 20:39:01.076 -|- DEBUG -|- operator() -|- 0x7efdb6bf9640|| -|- #Reads, #Aln, #RPM: 13431, 13400, 21207
>|> 20241011 20:39:07.099 -|- DEBUG -|- operator() -|- 0x7efdb6bf9640|| -|- #Reads, #Aln, #RPM: 15620, 15600, 21300
>|> 20241011 20:39:13.416 -|- DEBUG -|- operator() -|- 0x7efdb83fc640|| -|- #Reads, #Aln, #RPM: 16818, 16800, 20182
>|> 20241011 20:39:19.911 -|- DEBUG -|- operator() -|- 0x7efdb83fc640|| -|- #Reads, #Aln, #RPM: 19014, 19000, 20372
>|> 20241011 20:39:26.130 -|- DEBUG -|- operator() -|- 0x7efdb83fc640|| -|- #Reads, #Aln, #RPM: 21003, 21000, 20003
>|> 20241011 20:39:32.219 -|- DEBUG -|- operator() -|- 0x7efdb93fe640|| -|- #Reads, #Aln, #RPM: 22796, 22900, 19823
>|> 20241011 20:39:38.322 -|- DEBUG -|- operator() -|- 0x7efdb7bfb640|| -|- #Reads, #Aln, #RPM: 24584, 24700, 19667
>|> 20241011 20:39:44.322 -|- DEBUG -|- operator() -|- 0x7efdb73fa640|| -|- #Reads, #Aln, #RPM: 26473, 26600, 19610
>|> 20241011 20:39:50.614 -|- DEBUG -|- operator() -|- 0x7efdb73fa640|| -|- #Reads, #Aln, #RPM: 29260, 29400, 20179
>|> 20241011 20:39:56.851 -|- DEBUG -|- operator() -|- 0x7efdb83fc640|| -|- #Reads, #Aln, #RPM: 31051, 31200, 20033
>|> 20241011 20:40:03.426 -|- DEBUG -|- operator() -|- 0x7efdb8bfd640|| -|- #Reads, #Aln, #RPM: 32939, 33100, 19763
>|> 20241011 20:40:09.542 -|- DEBUG -|- operator() -|- 0x7efdb8bfd640|| -|- #Reads, #Aln, #RPM: 34932, 35100, 19773
>|> 20241011 20:40:15.549 -|- DEBUG -|- operator() -|- 0x7efdb8bfd640|| -|- #Reads, #Aln, #RPM: 36716, 36900, 19669
>|> 20241011 20:40:21.559 -|- DEBUG -|- operator() -|- 0x7efdb73fa640|| -|- #Reads, #Aln, #RPM: 38510, 38700, 19581
>|> 20241011 20:40:27.575 -|- DEBUG -|- operator() -|- 0x7efdb83fc640|| -|- #Reads, #Aln, #RPM: 40989, 41200, 19833
>|> 20241011 20:40:33.898 -|- DEBUG -|- operator() -|- 0x7efdb7bfb640|| -|- #Reads, #Aln, #RPM: 44083, 44300, 20346
>|> 20241011 20:40:40.081 -|- DEBUG -|- operator() -|- 0x7efdb7bfb640|| -|- #Reads, #Aln, #RPM: 47265, 47500, 20700
>|> 20241011 20:40:46.797 -|- DEBUG -|- operator() -|- 0x7efdb6bf9640|| -|- #Reads, #Aln, #RPM: 49757, 50000, 20877
>|> 20241011 20:40:52.862 -|- DEBUG -|- operator() -|- 0x7efdb93fe640|| -|- #Reads, #Aln, #RPM: 52545, 52800, 21159
>|> 20241011 20:40:58.992 -|- DEBUG -|- operator() -|- 0x7efdb83fc640|| -|- #Reads, #Aln, #RPM: 54837, 55100, 21091
>|> 20241011 20:41:05.044 -|- DEBUG -|- operator() -|- 0x7efdb6bf9640|| -|- #Reads, #Aln, #RPM: 57425, 57700, 21269
>|> 20241011 20:41:11.069 -|- DEBUG -|- operator() -|- 0x7efdb83fc640|| -|- #Reads, #Aln, #RPM: 60111, 60400, 21468
>|> 20241011 20:41:17.892 -|- DEBUG -|- operator() -|- 0x7efdb93fe640|| -|- #Reads, #Aln, #RPM: 62508, 62800, 21554
>|> 20241011 20:41:24.308 -|- DEBUG -|- operator() -|- 0x7efdb7bfb640|| -|- #Reads, #Aln, #RPM: 65198, 65500, 21613
>|> 20241011 20:41:30.355 -|- DEBUG -|- operator() -|- 0x7efdb73fa640|| -|- #Reads, #Aln, #RPM: 68087, 68400, 21846
>|> 20241011 20:41:36.774 -|- DEBUG -|- operator() -|- 0x7efdb93fe640|| -|- #Reads, #Aln, #RPM: 70875, 71200, 22034
>|> 20241011 20:41:42.807 -|- DEBUG -|- operator() -|- 0x7efdb73fa640|| -|- #Reads, #Aln, #RPM: 73266, 73600, 22090
>|> 20241011 20:41:49.570 -|- DEBUG -|- operator() -|- 0x7efdb73fa640|| -|- #Reads, #Aln, #RPM: 76053, 76400, 22151
>|> 20241011 20:41:55.590 -|- DEBUG -|- operator() -|- 0x7efdb83fc640|| -|- #Reads, #Aln, #RPM: 78844, 79200, 22314
>|> 20241011 20:42:01.925 -|- DEBUG -|- operator() -|- 0x7efdb7bfb640|| -|- #Reads, #Aln, #RPM: 81737, 82100, 22496
>|> 20241011 20:42:08.214 -|- DEBUG -|- operator() -|- 0x7efdb6bf9640|| -|- #Reads, #Aln, #RPM: 84226, 84600, 22460
>|> 20241011 20:42:14.581 -|- DEBUG -|- operator() -|- 0x7efdb6bf9640|| -|- #Reads, #Aln, #RPM: 87414, 87800, 22705
>|> 20241011 20:42:20.742 -|- DEBUG -|- operator() -|- 0x7efdb83fc640|| -|- #Reads, #Aln, #RPM: 90107, 90500, 22812
>|> 20241011 20:42:26.797 -|- DEBUG -|- operator() -|- 0x7efdb6bf9640|| -|- #Reads, #Aln, #RPM: 92599, 93000, 22864
>|> 20241011 20:42:32.839 -|- DEBUG -|- operator() -|- 0x7efdb6bf9640|| -|- #Reads, #Aln, #RPM: 94796, 95200, 22842
>|> 20241011 20:42:38.877 -|- DEBUG -|- operator() -|- 0x7efdb83fc640|| -|- #Reads, #Aln, #RPM: 97482, 97900, 22937
>|> 20241011 20:42:44.896 -|- DEBUG -|- operator() -|- 0x7efdb7bfb640|| -|- #Reads, #Aln, #RPM: 99676, 100100, 22914
>|> 20241011 20:42:50.921 -|- DEBUG -|- operator() -|- 0x7efdb93fe640|| -|- #Reads, #Aln, #RPM: 101170, 101600, 22735
>|> 20241011 20:42:57.174 -|- DEBUG -|- operator() -|- 0x7efdb8bfd640|| -|- #Reads, #Aln, #RPM: 103267, 103700, 22613
>|> 20241011 20:43:03.272 -|- DEBUG -|- operator() -|- 0x7efdb7bfb640|| -|- #Reads, #Aln, #RPM: 105959, 106400, 22706
>|> 20241011 20:43:09.286 -|- DEBUG -|- operator() -|- 0x7efdb83fc640|| -|- #Reads, #Aln, #RPM: 108749, 109200, 22814
>|> 20241011 20:43:15.314 -|- DEBUG -|- operator() -|- 0x7efdb83fc640|| -|- #Reads, #Aln, #RPM: 111634, 112100, 22938
>|> 20241011 20:43:21.416 -|- DEBUG -|- operator() -|- 0x7efdb93fe640|| -|- #Reads, #Aln, #RPM: 114021, 114500, 22957
>|> 20241011 20:43:27.710 -|- DEBUG -|- operator() -|- 0x7efdb73fa640|| -|- #Reads, #Aln, #RPM: 116606, 117100, 23014
>|> 20241011 20:43:34.103 -|- DEBUG -|- operator() -|- 0x7efdb83fc640|| -|- #Reads, #Aln, #RPM: 118999, 119500, 22958
>|> 20241011 20:43:40.588 -|- DEBUG -|- operator() -|- 0x7efdb93fe640|| -|- #Reads, #Aln, #RPM: 121792, 122400, 23052
>|> 20241011 20:43:47.326 -|- DEBUG -|- operator() -|- 0x7efdb93fe640|| -|- #Reads, #Aln, #RPM: 123784, 124400, 22923
>|> 20241011 20:43:53.386 -|- DEBUG -|- operator() -|- 0x7efdb93fe640|| -|- #Reads, #Aln, #RPM: 126174, 126800, 22941
>|> 20241011 20:43:59.742 -|- DEBUG -|- operator() -|- 0x7efdb83fc640|| -|- #Reads, #Aln, #RPM: 128567, 129200, 22958
>|> 20241011 20:44:05.830 -|- DEBUG -|- operator() -|- 0x7efdb6bf9640|| -|- #Reads, #Aln, #RPM: 130362, 131000, 22871
>|> 20241011 20:44:12.200 -|- DEBUG -|- operator() -|- 0x7efdb83fc640|| -|- #Reads, #Aln, #RPM: 131660, 132300, 22635
>|> 20241011 20:44:18.462 -|- DEBUG -|- operator() -|- 0x7efdb83fc640|| -|- #Reads, #Aln, #RPM: 133847, 134500, 22622
>|> 20241011 20:44:24.519 -|- DEBUG -|- operator() -|- 0x7efdb7bfb640|| -|- #Reads, #Aln, #RPM: 137123, 137800, 22791
>|> 20241011 20:44:30.660 -|- DEBUG -|- operator() -|- 0x7efdb93fe640|| -|- #Reads, #Aln, #RPM: 139514, 140200, 22809
>|> 20241011 20:44:36.927 -|- DEBUG -|- operator() -|- 0x7efdb93fe640|| -|- #Reads, #Aln, #RPM: 141908, 142700, 22827
>|> 20241011 20:44:43.037 -|- DEBUG -|- operator() -|- 0x7efdb6bf9640|| -|- #Reads, #Aln, #RPM: 144491, 145300, 22814
>|> 20241011 20:44:49.396 -|- DEBUG -|- operator() -|- 0x7efdb6bf9640|| -|- #Reads, #Aln, #RPM: 146683, 147500, 22800
>|> 20241011 20:44:55.758 -|- DEBUG -|- operator() -|- 0x7efdb7bfb640|| -|- #Reads, #Aln, #RPM: 149170, 150000, 22832
>|> 20241011 20:45:01.999 -|- DEBUG -|- operator() -|- 0x7efdb6bf9640|| -|- #Reads, #Aln, #RPM: 151756, 152500, 22820
>|> 20241011 20:45:08.551 -|- DEBUG -|- operator() -|- 0x7efdb7bfb640|| -|- #Reads, #Aln, #RPM: 154741, 155500, 22925
>|> 20241011 20:45:14.637 -|- DEBUG -|- operator() -|- 0x7efdb8bfd640|| -|- #Reads, #Aln, #RPM: 157530, 158400, 22997
>|> 20241011 20:45:21.083 -|- DEBUG -|- operator() -|- 0x7efdb8bfd640|| -|- #Reads, #Aln, #RPM: 160225, 161100, 22999
>|> 20241011 20:45:27.303 -|- DEBUG -|- operator() -|- 0x7efdb6bf9640|| -|- #Reads, #Aln, #RPM: 163212, 164100, 23096
>|> 20241011 20:45:33.722 -|- DEBUG -|- operator() -|- 0x7efdb83fc640|| -|- #Reads, #Aln, #RPM: 166198, 167100, 23190
>|> 20241011 20:45:39.997 -|- DEBUG -|- operator() -|- 0x7efdb8bfd640|| -|- #Reads, #Aln, #RPM: 168486, 169400, 23133
>|> 20241011 20:45:46.176 -|- DEBUG -|- operator() -|- 0x7efdb6bf9640|| -|- #Reads, #Aln, #RPM: 170978, 171900, 23157
>|> 20241011 20:45:52.209 -|- DEBUG -|- operator() -|- 0x7efdb73fa640|| -|- #Reads, #Aln, #RPM: 173164, 174100, 23140
>|> 20241011 20:45:58.245 -|- DEBUG -|- operator() -|- 0x7efdb8bfd640|| -|- #Reads, #Aln, #RPM: 175746, 176700, 23175
>|> 20241011 20:46:04.433 -|- DEBUG -|- operator() -|- 0x7efdb93fe640|| -|- #Reads, #Aln, #RPM: 178634, 179600, 23250
>|> 20241011 20:46:10.700 -|- DEBUG -|- operator() -|- 0x7efdb8bfd640|| -|- #Reads, #Aln, #RPM: 181618, 182600, 23334
>|> 20241011 20:46:16.737 -|- DEBUG -|- operator() -|- 0x7efdb93fe640|| -|- #Reads, #Aln, #RPM: 184502, 185500, 23404
>|> 20241011 20:46:22.897 -|- DEBUG -|- operator() -|- 0x7efdb73fa640|| -|- #Reads, #Aln, #RPM: 186992, 188000, 23423
>|> 20241011 20:46:29.006 -|- DEBUG -|- operator() -|- 0x7efdb83fc640|| -|- #Reads, #Aln, #RPM: 189581, 190600, 23405
>|> 20241011 20:46:35.397 -|- DEBUG -|- operator() -|- 0x7efdb83fc640|| -|- #Reads, #Aln, #RPM: 192168, 193200, 23435
>|> 20241011 20:46:41.548 -|- DEBUG -|- operator() -|- 0x7efdb73fa640|| -|- #Reads, #Aln, #RPM: 194752, 195800, 23464
>|> 20241011 20:46:47.576 -|- DEBUG -|- operator() -|- 0x7efdb7bfb640|| -|- #Reads, #Aln, #RPM: 197038, 198100, 23457
>|> 20241011 20:46:53.659 -|- DEBUG -|- operator() -|- 0x7efdb6bf9640|| -|- #Reads, #Aln, #RPM: 199527, 200600, 23474
>|> 20241011 20:46:59.727 -|- DEBUG -|- operator() -|- 0x7efdb93fe640|| -|- #Reads, #Aln, #RPM: 201419, 202500, 23421
>|> 20241011 20:47:05.819 -|- DEBUG -|- operator() -|- 0x7efdb6bf9640|| -|- #Reads, #Aln, #RPM: 203709, 204800, 23415
>|> 20241011 20:47:12.167 -|- DEBUG -|- operator() -|- 0x7efdb73fa640|| -|- #Reads, #Aln, #RPM: 206102, 207200, 23376
>|> 20241011 20:47:18.363 -|- DEBUG -|- operator() -|- 0x7efdb93fe640|| -|- #Reads, #Aln, #RPM: 209093, 210200, 23450
>|> 20241011 20:47:24.473 -|- DEBUG -|- operator() -|- 0x7efdb93fe640|| -|- #Reads, #Aln, #RPM: 211686, 212800, 23477
>|> 20241011 20:47:30.555 -|- DEBUG -|- operator() -|- 0x7efdb7bfb640|| -|- #Reads, #Aln, #RPM: 213873, 215000, 23460
>|> 20241011 20:47:37.065 -|- DEBUG -|- operator() -|- 0x7efdb93fe640|| -|- #Reads, #Aln, #RPM: 216264, 217400, 23422
>|> 20241011 20:47:43.103 -|- DEBUG -|- operator() -|- 0x7efdb93fe640|| -|- #Reads, #Aln, #RPM: 218751, 219900, 23438
>|> 20241011 20:47:49.135 -|- DEBUG -|- operator() -|- 0x7efdb7bfb640|| -|- #Reads, #Aln, #RPM: 221145, 222300, 23443
>|> 20241011 20:47:55.517 -|- DEBUG -|- operator() -|- 0x7efdb6bf9640|| -|- #Reads, #Aln, #RPM: 224036, 225200, 23500
>|> 20241011 20:48:02.047 -|- DEBUG -|- operator() -|- 0x7efdb7bfb640|| -|- #Reads, #Aln, #RPM: 226723, 227900, 23495
>|> 20241011 20:48:08.048 -|- DEBUG -|- operator() -|- 0x7efdb73fa640|| -|- #Reads, #Aln, #RPM: 228817, 230000, 23468
>|> 20241011 20:48:14.260 -|- DEBUG -|- operator() -|- 0x7efdb8bfd640|| -|- #Reads, #Aln, #RPM: 231406, 232600, 23493
>|> 20241011 20:48:20.581 -|- DEBUG -|- operator() -|- 0x7efdb7bfb640|| -|- #Reads, #Aln, #RPM: 233987, 235200, 23516
>|> 20241011 20:48:27.355 -|- DEBUG -|- operator() -|- 0x7efdb93fe640|| -|- #Reads, #Aln, #RPM: 236476, 237700, 23491
>|> 20241011 20:48:33.400 -|- DEBUG -|- operator() -|- 0x7efdb7bfb640|| -|- #Reads, #Aln, #RPM: 239162, 240400, 23524
>|> 20241011 20:48:40.232 -|- DEBUG -|- operator() -|- 0x7efdb73fa640|| -|- #Reads, #Aln, #RPM: 241651, 242900, 23499
>|> 20241011 20:48:46.322 -|- DEBUG -|- operator() -|- 0x7efdb8bfd640|| -|- #Reads, #Aln, #RPM: 244042, 245300, 23503
>|> 20241011 20:48:52.343 -|- DEBUG -|- operator() -|- 0x7efdb73fa640|| -|- #Reads, #Aln, #RPM: 246134, 247400, 23479
>|> 20241011 20:48:58.694 -|- DEBUG -|- operator() -|- 0x7efdb6bf9640|| -|- #Reads, #Aln, #RPM: 248327, 249600, 23464
>|> 20241011 20:49:05.304 -|- DEBUG -|- operator() -|- 0x7efdb8bfd640|| -|- #Reads, #Aln, #RPM: 251216, 252500, 23478
>|> 20241011 20:49:11.362 -|- DEBUG -|- operator() -|- 0x7efdb93fe640|| -|- #Reads, #Aln, #RPM: 253904, 255200, 23510
>|> 20241011 20:49:17.594 -|- DEBUG -|- operator() -|- 0x7efdb7bfb640|| -|- #Reads, #Aln, #RPM: 256888, 258200, 23568
>|> 20241011 20:49:23.719 -|- DEBUG -|- operator() -|- 0x7efdb7bfb640|| -|- #Reads, #Aln, #RPM: 259478, 260800, 23589
>|> 20241011 20:49:30.169 -|- DEBUG -|- operator() -|- 0x7efdb73fa640|| -|- #Reads, #Aln, #RPM: 262163, 263500, 23583
>|> 20241011 20:49:36.370 -|- DEBUG -|- operator() -|- 0x7efdb93fe640|| -|- #Reads, #Aln, #RPM: 264656, 266000, 23595
>|> 20241011 20:49:42.385 -|- DEBUG -|- operator() -|- 0x7efdb8bfd640|| -|- #Reads, #Aln, #RPM: 267241, 268600, 23615
>|> 20241011 20:49:48.537 -|- DEBUG -|- operator() -|- 0x7efdb6bf9640|| -|- #Reads, #Aln, #RPM: 269825, 271200, 23634
>|> 20241011 20:49:54.590 -|- DEBUG -|- operator() -|- 0x7efdb6bf9640|| -|- #Reads, #Aln, #RPM: 271919, 273300, 23611
>|> 20241011 20:50:00.892 -|- DEBUG -|- operator() -|- 0x7efdb93fe640|| -|- #Reads, #Aln, #RPM: 274513, 275900, 23631
>|> 20241011 20:50:07.224 -|- DEBUG -|- operator() -|- 0x7efdb73fa640|| -|- #Reads, #Aln, #RPM: 276706, 278100, 23583
>|> 20241011 20:50:13.301 -|- DEBUG -|- operator() -|- 0x7efdb93fe640|| -|- #Reads, #Aln, #RPM: 279192, 280600, 23594
>|> 20241011 20:50:19.359 -|- DEBUG -|- operator() -|- 0x7efdb7bfb640|| -|- #Reads, #Aln, #RPM: 281681, 283100, 23605
>|> 20241011 20:50:25.418 -|- DEBUG -|- operator() -|- 0x7efdb93fe640|| -|- #Reads, #Aln, #RPM: 284473, 285900, 23640
>|> 20241011 20:50:31.685 -|- DEBUG -|- operator() -|- 0x7efdb83fc640|| -|- #Reads, #Aln, #RPM: 287261, 288700, 23675
>|> 20241011 20:50:38.096 -|- DEBUG -|- operator() -|- 0x7efdb7bfb640|| -|- #Reads, #Aln, #RPM: 290047, 291500, 23677
>|> 20241011 20:50:44.524 -|- DEBUG -|- operator() -|- 0x7efdb7bfb640|| -|- #Reads, #Aln, #RPM: 292637, 294100, 23695
>|> 20241011 20:50:50.582 -|- DEBUG -|- operator() -|- 0x7efdb83fc640|| -|- #Reads, #Aln, #RPM: 295130, 296600, 23705
>|> 20241011 20:50:56.817 -|- DEBUG -|- operator() -|- 0x7efdb7bfb640|| -|- #Reads, #Aln, #RPM: 297519, 299000, 23707
>|> 20241011 20:51:03.249 -|- DEBUG -|- operator() -|- 0x7efdb83fc640|| -|- #Reads, #Aln, #RPM: 299905, 301400, 23677
>|> 20241011 20:51:09.372 -|- DEBUG -|- operator() -|- 0x7efdb73fa640|| -|- #Reads, #Aln, #RPM: 302097, 303600, 23663
>|> 20241011 20:51:15.564 -|- DEBUG -|- operator() -|- 0x7efdb6bf9640|| -|- #Reads, #Aln, #RPM: 304387, 305900, 23657
>|> 20241011 20:51:21.577 -|- DEBUG -|- operator() -|- 0x7efdb83fc640|| -|- #Reads, #Aln, #RPM: 307075, 308600, 23682
>|> 20241011 20:51:27.984 -|- DEBUG -|- operator() -|- 0x7efdb93fe640|| -|- #Reads, #Aln, #RPM: 309962, 311500, 23722
>|> 20241011 20:51:34.205 -|- DEBUG -|- operator() -|- 0x7efdb73fa640|| -|- #Reads, #Aln, #RPM: 312351, 313900, 23693
>|> 20241011 20:51:40.820 -|- DEBUG -|- operator() -|- 0x7efdb8bfd640|| -|- #Reads, #Aln, #RPM: 314633, 316200, 23686
>|> 20241011 20:51:46.824 -|- DEBUG -|- operator() -|- 0x7efdb8bfd640|| -|- #Reads, #Aln, #RPM: 317121, 318700, 23695
>|> 20241011 20:51:54.033 -|- DEBUG -|- operator() -|- 0x7efdb8bfd640|| -|- #Reads, #Aln, #RPM: 320311, 321900, 23697
>|> 20241011 20:52:00.135 -|- DEBUG -|- operator() -|- 0x7efdb6bf9640|| -|- #Reads, #Aln, #RPM: 322598, 324200, 23691
>|> 20241011 20:52:06.293 -|- DEBUG -|- operator() -|- 0x7efdb83fc640|| -|- #Reads, #Aln, #RPM: 324787, 326400, 23678
>|> 20241011 20:52:12.595 -|- DEBUG -|- operator() -|- 0x7efdb8bfd640|| -|- #Reads, #Aln, #RPM: 327380, 329000, 23695
>|> 20241011 20:52:19.028 -|- DEBUG -|- operator() -|- 0x7efdb7bfb640|| -|- #Reads, #Aln, #RPM: 330265, 331900, 23703
>|> 20241011 20:52:25.058 -|- DEBUG -|- operator() -|- 0x7efdb73fa640|| -|- #Reads, #Aln, #RPM: 332322, 334000, 23681
>|> 20241011 20:52:31.148 -|- DEBUG -|- operator() -|- 0x7efdb93fe640|| -|- #Reads, #Aln, #RPM: 334518, 336200, 23669
>|> 20241011 20:52:37.159 -|- DEBUG -|- operator() -|- 0x7efdb73fa640|| -|- #Reads, #Aln, #RPM: 336902, 338600, 23670
>|> 20241011 20:52:43.582 -|- DEBUG -|- operator() -|- 0x7efdb93fe640|| -|- #Reads, #Aln, #RPM: 339091, 340800, 23658
>|> 20241011 20:52:49.690 -|- DEBUG -|- operator() -|- 0x7efdb93fe640|| -|- #Reads, #Aln, #RPM: 341085, 342800, 23632
>|> 20241011 20:52:55.749 -|- DEBUG -|- operator() -|- 0x7efdb83fc640|| -|- #Reads, #Aln, #RPM: 343674, 345400, 23647
>|> 20241011 20:53:01.753 -|- DEBUG -|- operator() -|- 0x7efdb7bfb640|| -|- #Reads, #Aln, #RPM: 346154, 347900, 23655
>|> 20241011 20:53:07.821 -|- DEBUG -|- operator() -|- 0x7efdb73fa640|| -|- #Reads, #Aln, #RPM: 348448, 350200, 23650
>|> 20241011 20:53:14.046 -|- DEBUG -|- operator() -|- 0x7efdb73fa640|| -|- #Reads, #Aln, #RPM: 351333, 353100, 23659
>|> 20241011 20:53:23.155 -|- DEBUG -|- operator() -|- 0x7efdb8bfd640|| -|- #Reads, #Aln, #RPM: 353519, 355300, 23568
>|> 20241011 20:53:29.345 -|- DEBUG -|- operator() -|- 0x7efdb7bfb640|| -|- #Reads, #Aln, #RPM: 355714, 357600, 23557
>|> 20241011 20:53:36.029 -|- DEBUG -|- operator() -|- 0x7efdb6bf9640|| -|- #Reads, #Aln, #RPM: 358008, 359900, 23527
>|> 20241011 20:53:42.222 -|- DEBUG -|- operator() -|- 0x7efdb8bfd640|| -|- #Reads, #Aln, #RPM: 360000, 361900, 23504
>|> 20241011 20:53:48.260 -|- DEBUG -|- operator() -|- 0x7efdb6bf9640|| -|- #Reads, #Aln, #RPM: 362692, 364600, 23526
>|> 20241011 20:53:54.484 -|- DEBUG -|- operator() -|- 0x7efdb73fa640|| -|- #Reads, #Aln, #RPM: 364979, 366900, 23522
>|> 20241011 20:54:00.608 -|- DEBUG -|- operator() -|- 0x7efdb8bfd640|| -|- #Reads, #Aln, #RPM: 367272, 369200, 23518
>|> 20241011 20:54:06.674 -|- DEBUG -|- operator() -|- 0x7efdb73fa640|| -|- #Reads, #Aln, #RPM: 369563, 371500, 23514
>|> 20241011 20:54:12.717 -|- DEBUG -|- operator() -|- 0x7efdb7bfb640|| -|- #Reads, #Aln, #RPM: 372350, 374300, 23542
>|> 20241011 20:54:18.747 -|- DEBUG -|- operator() -|- 0x7efdb7bfb640|| -|- #Reads, #Aln, #RPM: 374640, 376600, 23538
>|> 20241011 20:54:24.793 -|- DEBUG -|- operator() -|- 0x7efdb7bfb640|| -|- #Reads, #Aln, #RPM: 377131, 379100, 23546
>|> 20241011 20:54:30.944 -|- DEBUG -|- operator() -|- 0x7efdb8bfd640|| -|- #Reads, #Aln, #RPM: 379320, 381300, 23536
>|> 20241011 20:54:37.132 -|- DEBUG -|- operator() -|- 0x7efdb93fe640|| -|- #Reads, #Aln, #RPM: 381211, 383200, 23483
>|> 20241011 20:54:43.288 -|- DEBUG -|- operator() -|- 0x7efdb8bfd640|| -|- #Reads, #Aln, #RPM: 383903, 385900, 23504
>|> 20241011 20:54:49.387 -|- DEBUG -|- operator() -|- 0x7efdb83fc640|| -|- #Reads, #Aln, #RPM: 386197, 388200, 23501
>|> 20241011 20:54:55.411 -|- DEBUG -|- operator() -|- 0x7efdb8bfd640|| -|- #Reads, #Aln, #RPM: 388793, 390800, 23516
>|> 20241011 20:55:01.563 -|- DEBUG -|- operator() -|- 0x7efdb83fc640|| -|- #Reads, #Aln, #RPM: 391278, 393300, 23524
>|> 20241011 20:55:07.617 -|- DEBUG -|- operator() -|- 0x7efdb7bfb640|| -|- #Reads, #Aln, #RPM: 393265, 395300, 23502
>|> 20241011 20:55:14.181 -|- DEBUG -|- operator() -|- 0x7efdb7bfb640|| -|- #Reads, #Aln, #RPM: 395954, 398000, 23499
>|> 20241011 20:55:20.184 -|- DEBUG -|- operator() -|- 0x7efdb73fa640|| -|- #Reads, #Aln, #RPM: 398047, 400100, 23484
>|> 20241011 20:55:26.313 -|- DEBUG -|- operator() -|- 0x7efdb6bf9640|| -|- #Reads, #Aln, #RPM: 400934, 403000, 23515
>|> 20241011 20:55:32.684 -|- DEBUG -|- operator() -|- 0x7efdb6bf9640|| -|- #Reads, #Aln, #RPM: 403025, 405100, 23500
>|> 20241011 20:55:38.819 -|- DEBUG -|- operator() -|- 0x7efdb7bfb640|| -|- #Reads, #Aln, #RPM: 405416, 407500, 23502
>|> 20241011 20:55:44.979 -|- DEBUG -|- operator() -|- 0x7efdb83fc640|| -|- #Reads, #Aln, #RPM: 407711, 409800, 23499
>|> 20241011 20:55:51.161 -|- DEBUG -|- operator() -|- 0x7efdb8bfd640|| -|- #Reads, #Aln, #RPM: 410300, 412400, 23490
>|> 20241011 20:55:57.328 -|- DEBUG -|- operator() -|- 0x7efdb6bf9640|| -|- #Reads, #Aln, #RPM: 412993, 415100, 23510
>|> 20241011 20:56:19.738 -|- DEBUG -|- operator() -|- 0x7efdb73fa640|| -|- #Reads, #Aln, #RPM: 413889, 416000, 23079
>|> 20241011 20:56:26.090 -|- DEBUG -|- operator() -|- 0x7efdb73fa640|| -|- #Reads, #Aln, #RPM: 415481, 417600, 23018
>|> 20241011 20:56:33.759 -|- DEBUG -|- operator() -|- 0x7efdb73fa640|| -|- #Reads, #Aln, #RPM: 415976, 418100, 22898
>|> 20241011 20:56:40.055 -|- DEBUG -|- operator() -|- 0x7efdb8bfd640|| -|- #Reads, #Aln, #RPM: 417869, 420000, 22855
>|> 20241011 20:56:46.064 -|- DEBUG -|- operator() -|- 0x7efdb93fe640|| -|- #Reads, #Aln, #RPM: 420263, 422400, 22861
>|> 20241011 20:56:52.076 -|- DEBUG -|- operator() -|- 0x7efdb6bf9640|| -|- #Reads, #Aln, #RPM: 422350, 424500, 22850
>|> 20241011 20:56:58.293 -|- DEBUG -|- operator() -|- 0x7efdb73fa640|| -|- #Reads, #Aln, #RPM: 425235, 427400, 22883
>|> 20241011 20:57:04.467 -|- DEBUG -|- operator() -|- 0x7efdb73fa640|| -|- #Reads, #Aln, #RPM: 427023, 429200, 22856
>|> 20241011 20:57:10.472 -|- DEBUG -|- operator() -|- 0x7efdb93fe640|| -|- #Reads, #Aln, #RPM: 429414, 431600, 22861
>|> 20241011 20:57:16.803 -|- DEBUG -|- operator() -|- 0x7efdb8bfd640|| -|- #Reads, #Aln, #RPM: 431704, 433900, 22862
>|> 20241011 20:57:22.810 -|- DEBUG -|- operator() -|- 0x7efdb6bf9640|| -|- #Reads, #Aln, #RPM: 434297, 436500, 22878
>|> 20241011 20:57:28.821 -|- DEBUG -|- operator() -|- 0x7efdb6bf9640|| -|- #Reads, #Aln, #RPM: 436392, 438600, 22868
>|> 20241011 20:57:34.827 -|- DEBUG -|- operator() -|- 0x7efdb73fa640|| -|- #Reads, #Aln, #RPM: 439074, 441300, 22888
>|> 20241011 20:57:41.466 -|- DEBUG -|- operator() -|- 0x7efdb6bf9640|| -|- #Reads, #Aln, #RPM: 441463, 443700, 22874
>|> 20241011 20:57:47.779 -|- DEBUG -|- operator() -|- 0x7efdb6bf9640|| -|- #Reads, #Aln, #RPM: 443459, 445700, 22859
>|> 20241011 20:57:53.791 -|- DEBUG -|- operator() -|- 0x7efdb8bfd640|| -|- #Reads, #Aln, #RPM: 445250, 447500, 22833
>|> 20241011 20:57:59.817 -|- DEBUG -|- operator() -|- 0x7efdb7bfb640|| -|- #Reads, #Aln, #RPM: 447642, 449900, 22839
>|> 20241011 20:58:05.833 -|- DEBUG -|- operator() -|- 0x7efdb93fe640|| -|- #Reads, #Aln, #RPM: 450029, 452300, 22844
>|> 20241011 20:58:12.137 -|- DEBUG -|- operator() -|- 0x7efdb93fe640|| -|- #Reads, #Aln, #RPM: 452517, 454800, 22835
>|> 20241011 20:58:18.355 -|- DEBUG -|- operator() -|- 0x7efdb7bfb640|| -|- #Reads, #Aln, #RPM: 455109, 457400, 22851
>|> 20241011 20:58:24.592 -|- DEBUG -|- operator() -|- 0x7efdb8bfd640|| -|- #Reads, #Aln, #RPM: 457588, 459900, 22860
>|> 20241011 20:58:30.619 -|- DEBUG -|- operator() -|- 0x7efdb7bfb640|| -|- #Reads, #Aln, #RPM: 459980, 462300, 22866
>|> 20241011 20:58:36.844 -|- DEBUG -|- operator() -|- 0x7efdb8bfd640|| -|- #Reads, #Aln, #RPM: 462368, 464700, 22871
>|> 20241011 20:58:43.065 -|- DEBUG -|- operator() -|- 0x7efdb83fc640|| -|- #Reads, #Aln, #RPM: 464758, 467100, 22857
>|> 20241011 20:58:49.237 -|- DEBUG -|- operator() -|- 0x7efdb93fe640|| -|- #Reads, #Aln, #RPM: 466651, 469000, 22838
>|> 20241011 20:58:55.617 -|- DEBUG -|- operator() -|- 0x7efdb83fc640|| -|- #Reads, #Aln, #RPM: 469338, 471700, 22857
>|> 20241011 20:59:01.879 -|- DEBUG -|- operator() -|- 0x7efdb73fa640|| -|- #Reads, #Aln, #RPM: 471331, 473700, 22843
>|> 20241011 20:59:07.950 -|- DEBUG -|- operator() -|- 0x7efdb73fa640|| -|- #Reads, #Aln, #RPM: 473626, 476000, 22844
>|> 20241011 20:59:14.231 -|- DEBUG -|- operator() -|- 0x7efdb8bfd640|| -|- #Reads, #Aln, #RPM: 475616, 478000, 22811
>|> 20241011 20:59:20.399 -|- DEBUG -|- operator() -|- 0x7efdb93fe640|| -|- #Reads, #Aln, #RPM: 477810, 480200, 22807
>|> 20241011 20:59:26.671 -|- DEBUG -|- operator() -|- 0x7efdb7bfb640|| -|- #Reads, #Aln, #RPM: 480399, 482800, 22822
>|> 20241011 20:59:32.829 -|- DEBUG -|- operator() -|- 0x7efdb93fe640|| -|- #Reads, #Aln, #RPM: 482890, 485300, 22832
>|> 20241011 20:59:39.033 -|- DEBUG -|- operator() -|- 0x7efdb6bf9640|| -|- #Reads, #Aln, #RPM: 484482, 486900, 22781
>|> 20241011 20:59:45.212 -|- DEBUG -|- operator() -|- 0x7efdb83fc640|| -|- #Reads, #Aln, #RPM: 486573, 489000, 22773
>|> 20241011 20:59:51.544 -|- DEBUG -|- operator() -|- 0x7efdb73fa640|| -|- #Reads, #Aln, #RPM: 488563, 491000, 22759
>|> 20241011 20:59:57.779 -|- DEBUG -|- operator() -|- 0x7efdb73fa640|| -|- #Reads, #Aln, #RPM: 490654, 493100, 22751
>|> 20241011 21:00:03.833 -|- DEBUG -|- operator() -|- 0x7efdb93fe640|| -|- #Reads, #Aln, #RPM: 492348, 494800, 22724
>|> 20241011 21:00:09.878 -|- DEBUG -|- operator() -|- 0x7efdb8bfd640|| -|- #Reads, #Aln, #RPM: 494839, 497300, 22734
>|> 20241011 21:00:16.049 -|- DEBUG -|- operator() -|- 0x7efdb8bfd640|| -|- #Reads, #Aln, #RPM: 496334, 498800, 22681
>|> 20241011 21:00:22.391 -|- DEBUG -|- operator() -|- 0x7efdb6bf9640|| -|- #Reads, #Aln, #RPM: 498128, 500600, 22659
>|> 20241011 21:00:28.532 -|- DEBUG -|- operator() -|- 0x7efdb73fa640|| -|- #Reads, #Aln, #RPM: 500415, 502900, 22660
>|> 20241011 21:00:36.130 -|- DEBUG -|- operator() -|- 0x7efdb93fe640|| -|- #Reads, #Aln, #RPM: 502606, 505100, 22623
>|> 20241011 21:00:42.502 -|- DEBUG -|- operator() -|- 0x7efdb73fa640|| -|- #Reads, #Aln, #RPM: 504501, 507000, 22606
>|> 20241011 21:00:48.649 -|- DEBUG -|- operator() -|- 0x7efdb8bfd640|| -|- #Reads, #Aln, #RPM: 506792, 509300, 22608
>|> 20241011 21:00:54.672 -|- DEBUG -|- operator() -|- 0x7efdb6bf9640|| -|- #Reads, #Aln, #RPM: 509380, 511900, 22622
>|> 20241011 21:01:00.706 -|- DEBUG -|- operator() -|- 0x7efdb7bfb640|| -|- #Reads, #Aln, #RPM: 511870, 514400, 22632
>|> 20241011 21:01:06.721 -|- DEBUG -|- operator() -|- 0x7efdb73fa640|| -|- #Reads, #Aln, #RPM: 513758, 516300, 22616
>|> 20241011 21:01:12.852 -|- DEBUG -|- operator() -|- 0x7efdb83fc640|| -|- #Reads, #Aln, #RPM: 516648, 519200, 22643
>|> 20241011 21:01:19.684 -|- DEBUG -|- operator() -|- 0x7efdb7bfb640|| -|- #Reads, #Aln, #RPM: 518537, 521100, 22611
>|> 20241011 21:01:25.771 -|- DEBUG -|- operator() -|- 0x7efdb73fa640|| -|- #Reads, #Aln, #RPM: 520530, 523100, 22599
>|> 20241011 21:01:32.041 -|- DEBUG -|- operator() -|- 0x7efdb6bf9640|| -|- #Reads, #Aln, #RPM: 523220, 525800, 22601
>|> 20241011 21:01:38.172 -|- DEBUG -|- operator() -|- 0x7efdb8bfd640|| -|- #Reads, #Aln, #RPM: 525510, 528100, 22603
>|> 20241011 21:01:44.213 -|- DEBUG -|- operator() -|- 0x7efdb8bfd640|| -|- #Reads, #Aln, #RPM: 528203, 530800, 22621
>|> 20241011 21:01:50.398 -|- DEBUG -|- operator() -|- 0x7efdb8bfd640|| -|- #Reads, #Aln, #RPM: 530395, 533000, 22618
>|> 20241011 21:01:56.445 -|- DEBUG -|- operator() -|- 0x7efdb8bfd640|| -|- #Reads, #Aln, #RPM: 532790, 535400, 22624
>|> 20241011 21:02:02.622 -|- DEBUG -|- operator() -|- 0x7efdb6bf9640|| -|- #Reads, #Aln, #RPM: 535576, 538200, 22646
>|> 20241011 21:02:08.695 -|- DEBUG -|- operator() -|- 0x7efdb83fc640|| -|- #Reads, #Aln, #RPM: 538269, 540900, 22664
>|> 20241011 21:02:15.139 -|- DEBUG -|- operator() -|- 0x7efdb7bfb640|| -|- #Reads, #Aln, #RPM: 540756, 543400, 22657
>|> 20241011 21:02:21.558 -|- DEBUG -|- operator() -|- 0x7efdb73fa640|| -|- #Reads, #Aln, #RPM: 543047, 545700, 22658
>|> 20241011 21:02:27.573 -|- DEBUG -|- operator() -|- 0x7efdb93fe640|| -|- #Reads, #Aln, #RPM: 545426, 548100, 22663
>|> 20241011 21:02:33.976 -|- DEBUG -|- operator() -|- 0x7efdb6bf9640|| -|- #Reads, #Aln, #RPM: 547912, 550600, 22672
>|> 20241011 21:02:40.273 -|- DEBUG -|- operator() -|- 0x7efdb6bf9640|| -|- #Reads, #Aln, #RPM: 550506, 553200, 22670
>|> 20241011 21:02:46.289 -|- DEBUG -|- operator() -|- 0x7efdb93fe640|| -|- #Reads, #Aln, #RPM: 552599, 555300, 22663
>|> 20241011 21:02:52.517 -|- DEBUG -|- operator() -|- 0x7efdb83fc640|| -|- #Reads, #Aln, #RPM: 555091, 557800, 22672
>|> 20241011 21:02:58.666 -|- DEBUG -|- operator() -|- 0x7efdb73fa640|| -|- #Reads, #Aln, #RPM: 558172, 560900, 22705
>|> 20241011 21:03:04.829 -|- DEBUG -|- operator() -|- 0x7efdb83fc640|| -|- #Reads, #Aln, #RPM: 559966, 562700, 22686
>|> 20241011 21:03:10.937 -|- DEBUG -|- operator() -|- 0x7efdb83fc640|| -|- #Reads, #Aln, #RPM: 562050, 564800, 22679
>|> 20241011 21:03:17.081 -|- DEBUG -|- operator() -|- 0x7efdb83fc640|| -|- #Reads, #Aln, #RPM: 564207, 567000, 22659
>|> 20241011 21:03:23.305 -|- DEBUG -|- operator() -|- 0x7efdb7bfb640|| -|- #Reads, #Aln, #RPM: 565998, 568800, 22640
>|> 20241011 21:03:29.533 -|- DEBUG -|- operator() -|- 0x7efdb8bfd640|| -|- #Reads, #Aln, #RPM: 568387, 571200, 22645
>|> 20241011 21:03:35.739 -|- DEBUG -|- operator() -|- 0x7efdb73fa640|| -|- #Reads, #Aln, #RPM: 570783, 573600, 22650
>|> 20241011 21:03:42.261 -|- DEBUG -|- operator() -|- 0x7efdb73fa640|| -|- #Reads, #Aln, #RPM: 573372, 576200, 22648
>|> 20241011 21:03:48.403 -|- DEBUG -|- operator() -|- 0x7efdb7bfb640|| -|- #Reads, #Aln, #RPM: 575463, 578300, 22641
>|> 20241011 21:03:54.562 -|- DEBUG -|- operator() -|- 0x7efdb73fa640|| -|- #Reads, #Aln, #RPM: 578055, 580900, 22654
>|> 20241011 21:04:00.694 -|- DEBUG -|- operator() -|- 0x7efdb8bfd640|| -|- #Reads, #Aln, #RPM: 580741, 583600, 22670
>|> 20241011 21:04:07.343 -|- DEBUG -|- operator() -|- 0x7efdb93fe640|| -|- #Reads, #Aln, #RPM: 583131, 586000, 22661
>|> 20241011 21:04:13.351 -|- DEBUG -|- operator() -|- 0x7efdb83fc640|| -|- #Reads, #Aln, #RPM: 585423, 588300, 22662
>|> 20241011 21:04:20.057 -|- DEBUG -|- operator() -|- 0x7efdb8bfd640|| -|- #Reads, #Aln, #RPM: 587914, 590800, 22656
>|> 20241011 21:04:26.769 -|- DEBUG -|- operator() -|- 0x7efdb6bf9640|| -|- #Reads, #Aln, #RPM: 590399, 593300, 22664
>|> 20241011 21:04:32.772 -|- DEBUG -|- operator() -|- 0x7efdb8bfd640|| -|- #Reads, #Aln, #RPM: 593090, 596000, 22680
>|> 20241011 21:04:39.075 -|- DEBUG -|- operator() -|- 0x7efdb83fc640|| -|- #Reads, #Aln, #RPM: 595878, 598800, 22686
>|> 20241011 21:04:45.207 -|- DEBUG -|- operator() -|- 0x7efdb7bfb640|| -|- #Reads, #Aln, #RPM: 598172, 601100, 22687
>|> 20241011 21:04:51.218 -|- DEBUG -|- operator() -|- 0x7efdb73fa640|| -|- #Reads, #Aln, #RPM: 600164, 603200, 22676
>|> 20241011 21:04:57.376 -|- DEBUG -|- operator() -|- 0x7efdb7bfb640|| -|- #Reads, #Aln, #RPM: 602449, 605500, 22677
>|> 20241011 21:05:04.010 -|- DEBUG -|- operator() -|- 0x7efdb7bfb640|| -|- #Reads, #Aln, #RPM: 605341, 608400, 22686
>|> 20241011 21:05:10.265 -|- DEBUG -|- operator() -|- 0x7efdb8bfd640|| -|- #Reads, #Aln, #RPM: 607831, 610900, 22694
>|> 20241011 21:05:16.579 -|- DEBUG -|- operator() -|- 0x7efdb93fe640|| -|- #Reads, #Aln, #RPM: 610223, 613300, 22699
>|> 20241011 21:05:22.591 -|- DEBUG -|- operator() -|- 0x7efdb7bfb640|| -|- #Reads, #Aln, #RPM: 612511, 615600, 22700
>|> 20241011 21:05:28.914 -|- DEBUG -|- operator() -|- 0x7efdb7bfb640|| -|- #Reads, #Aln, #RPM: 614603, 617700, 22693
>|> 20241011 21:05:35.197 -|- DEBUG -|- operator() -|- 0x7efdb7bfb640|| -|- #Reads, #Aln, #RPM: 616694, 619800, 22673
>|> 20241011 21:05:41.525 -|- DEBUG -|- operator() -|- 0x7efdb7bfb640|| -|- #Reads, #Aln, #RPM: 618885, 622000, 22670
>|> 20241011 21:05:47.825 -|- DEBUG -|- operator() -|- 0x7efdb7bfb640|| -|- #Reads, #Aln, #RPM: 621369, 624500, 22678
>|> 20241011 21:05:54.044 -|- DEBUG -|- operator() -|- 0x7efdb6bf9640|| -|- #Reads, #Aln, #RPM: 623759, 626900, 22668
>|> 20241011 21:06:00.343 -|- DEBUG -|- operator() -|- 0x7efdb6bf9640|| -|- #Reads, #Aln, #RPM: 625955, 629100, 22666
>|> 20241011 21:06:06.473 -|- DEBUG -|- operator() -|- 0x7efdb83fc640|| -|- #Reads, #Aln, #RPM: 628645, 631800, 22681
>|> 20241011 21:06:12.551 -|- DEBUG -|- operator() -|- 0x7efdb8bfd640|| -|- #Reads, #Aln, #RPM: 631338, 634500, 22696
>|> 20241011 21:06:18.804 -|- DEBUG -|- operator() -|- 0x7efdb93fe640|| -|- #Reads, #Aln, #RPM: 633728, 636900, 22701
>|> 20241011 21:06:25.382 -|- DEBUG -|- operator() -|- 0x7efdb6bf9640|| -|- #Reads, #Aln, #RPM: 635716, 638900, 22677
>|> 20241011 21:06:31.826 -|- DEBUG -|- operator() -|- 0x7efdb73fa640|| -|- #Reads, #Aln, #RPM: 638102, 641300, 22681
>|> 20241011 21:06:38.156 -|- DEBUG -|- operator() -|- 0x7efdb6bf9640|| -|- #Reads, #Aln, #RPM: 640493, 643700, 22672
>|> 20241011 21:06:44.356 -|- DEBUG -|- operator() -|- 0x7efdb73fa640|| -|- #Reads, #Aln, #RPM: 642883, 646100, 22677
>|> 20241011 21:06:50.362 -|- DEBUG -|- operator() -|- 0x7efdb83fc640|| -|- #Reads, #Aln, #RPM: 645078, 648300, 22674
>|> 20241011 21:06:56.979 -|- DEBUG -|- operator() -|- 0x7efdb8bfd640|| -|- #Reads, #Aln, #RPM: 647271, 650500, 22671
>|> 20241011 21:07:03.417 -|- DEBUG -|- operator() -|- 0x7efdb8bfd640|| -|- #Reads, #Aln, #RPM: 649365, 652600, 22652
>|> 20241011 21:07:09.877 -|- DEBUG -|- operator() -|- 0x7efdb7bfb640|| -|- #Reads, #Aln, #RPM: 651662, 654900, 22653
>|> 20241011 21:07:15.915 -|- DEBUG -|- operator() -|- 0x7efdb83fc640|| -|- #Reads, #Aln, #RPM: 654351, 657600, 22668
>|> 20241011 21:07:22.032 -|- DEBUG -|- operator() -|- 0x7efdb83fc640|| -|- #Reads, #Aln, #RPM: 656743, 660000, 22659
>|> 20241011 21:07:28.059 -|- DEBUG -|- operator() -|- 0x7efdb8bfd640|| -|- #Reads, #Aln, #RPM: 658931, 662200, 22657
>|> 20241011 21:07:34.240 -|- DEBUG -|- operator() -|- 0x7efdb7bfb640|| -|- #Reads, #Aln, #RPM: 661026, 664300, 22651
>|> 20241011 21:07:40.332 -|- DEBUG -|- operator() -|- 0x7efdb8bfd640|| -|- #Reads, #Aln, #RPM: 663020, 666300, 22642
>|> 20241011 21:07:46.766 -|- DEBUG -|- operator() -|- 0x7efdb8bfd640|| -|- #Reads, #Aln, #RPM: 665207, 668500, 22639
>|> 20241011 21:07:52.834 -|- DEBUG -|- operator() -|- 0x7efdb83fc640|| -|- #Reads, #Aln, #RPM: 668098, 671400, 22660
>|> 20241011 21:07:58.965 -|- DEBUG -|- operator() -|- 0x7efdb6bf9640|| -|- #Reads, #Aln, #RPM: 670491, 673800, 22664
>|> 20241011 21:08:05.058 -|- DEBUG -|- operator() -|- 0x7efdb83fc640|| -|- #Reads, #Aln, #RPM: 672981, 676300, 22659
>|> 20241011 21:08:11.134 -|- DEBUG -|- operator() -|- 0x7efdb83fc640|| -|- #Reads, #Aln, #RPM: 675072, 678500, 22653
>|> 20241011 21:08:17.620 -|- DEBUG -|- operator() -|- 0x7efdb83fc640|| -|- #Reads, #Aln, #RPM: 677558, 681000, 22661
>|> 20241011 21:08:23.813 -|- DEBUG -|- operator() -|- 0x7efdb6bf9640|| -|- #Reads, #Aln, #RPM: 679650, 683100, 22655
>|> 20241011 21:08:30.291 -|- DEBUG -|- operator() -|- 0x7efdb6bf9640|| -|- #Reads, #Aln, #RPM: 682432, 685900, 22660
>|> 20241011 21:08:36.980 -|- DEBUG -|- operator() -|- 0x7efdb8bfd640|| -|- #Reads, #Aln, #RPM: 684722, 688200, 22660
>|> 20241011 21:08:43.602 -|- DEBUG -|- operator() -|- 0x7efdb93fe640|| -|- #Reads, #Aln, #RPM: 687210, 690700, 22655
>|> 20241011 21:08:49.620 -|- DEBUG -|- operator() -|- 0x7efdb73fa640|| -|- #Reads, #Aln, #RPM: 689603, 693100, 22659
>|> 20241011 21:08:55.666 -|- DEBUG -|- operator() -|- 0x7efdb7bfb640|| -|- #Reads, #Aln, #RPM: 692289, 695800, 22673
>|> 20241011 21:09:01.917 -|- DEBUG -|- operator() -|- 0x7efdb83fc640|| -|- #Reads, #Aln, #RPM: 694385, 697900, 22668
>|> 20241011 21:09:07.925 -|- DEBUG -|- operator() -|- 0x7efdb73fa640|| -|- #Reads, #Aln, #RPM: 697072, 700600, 22681
>|> 20241011 21:09:15.119 -|- DEBUG -|- operator() -|- 0x7efdb73fa640|| -|- #Reads, #Aln, #RPM: 699565, 703100, 22664
>|> 20241011 21:09:21.278 -|- DEBUG -|- operator() -|- 0x7efdb6bf9640|| -|- #Reads, #Aln, #RPM: 702048, 705600, 22671
>|> 20241011 21:09:27.343 -|- DEBUG -|- operator() -|- 0x7efdb93fe640|| -|- #Reads, #Aln, #RPM: 703837, 707400, 22656
>|> 20241011 21:09:33.366 -|- DEBUG -|- operator() -|- 0x7efdb8bfd640|| -|- #Reads, #Aln, #RPM: 706128, 709700, 22657
>|> 20241011 21:09:39.540 -|- DEBUG -|- operator() -|- 0x7efdb8bfd640|| -|- #Reads, #Aln, #RPM: 708313, 711900, 22654
>|> 20241011 21:09:45.601 -|- DEBUG -|- operator() -|- 0x7efdb83fc640|| -|- #Reads, #Aln, #RPM: 710498, 714100, 22651
>|> 20241011 21:09:51.628 -|- DEBUG -|- operator() -|- 0x7efdb6bf9640|| -|- #Reads, #Aln, #RPM: 713088, 716700, 22662
>|> 20241011 21:09:57.696 -|- DEBUG -|- operator() -|- 0x7efdb83fc640|| -|- #Reads, #Aln, #RPM: 715278, 718900, 22659
>|> 20241011 21:10:03.815 -|- DEBUG -|- operator() -|- 0x7efdb6bf9640|| -|- #Reads, #Aln, #RPM: 717765, 721400, 22666
>|> 20241011 21:10:09.910 -|- DEBUG -|- operator() -|- 0x7efdb73fa640|| -|- #Reads, #Aln, #RPM: 719954, 723600, 22664
>|> 20241011 21:10:16.088 -|- DEBUG -|- operator() -|- 0x7efdb93fe640|| -|- #Reads, #Aln, #RPM: 722340, 726000, 22656
>|> 20241011 21:10:22.687 -|- DEBUG -|- operator() -|- 0x7efdb8bfd640|| -|- #Reads, #Aln, #RPM: 724727, 728400, 22660
>|> 20241011 21:10:28.978 -|- DEBUG -|- operator() -|- 0x7efdb73fa640|| -|- #Reads, #Aln, #RPM: 727100, 730800, 22663
>|> 20241011 21:10:34.990 -|- DEBUG -|- operator() -|- 0x7efdb7bfb640|| -|- #Reads, #Aln, #RPM: 729490, 733200, 22655
>|> 20241011 21:10:41.171 -|- DEBUG -|- operator() -|- 0x7efdb8bfd640|| -|- #Reads, #Aln, #RPM: 731783, 735500, 22656
>|> 20241011 21:10:47.187 -|- DEBUG -|- operator() -|- 0x7efdb83fc640|| -|- #Reads, #Aln, #RPM: 734674, 738400, 22675
>|> 20241011 21:10:53.696 -|- DEBUG -|- operator() -|- 0x7efdb6bf9640|| -|- #Reads, #Aln, #RPM: 737462, 741200, 22691
>|> 20241011 21:10:59.732 -|- DEBUG -|- operator() -|- 0x7efdb6bf9640|| -|- #Reads, #Aln, #RPM: 739355, 743100, 22680
>|> 20241011 21:11:06.171 -|- DEBUG -|- operator() -|- 0x7efdb73fa640|| -|- #Reads, #Aln, #RPM: 740743, 744500, 22641
>|> 20241011 21:11:12.276 -|- DEBUG -|- operator() -|- 0x7efdb93fe640|| -|- #Reads, #Aln, #RPM: 743136, 746900, 22645
>|> 20241011 21:11:18.399 -|- DEBUG -|- operator() -|- 0x7efdb73fa640|| -|- #Reads, #Aln, #RPM: 745527, 749300, 22649
>|> 20241011 21:11:24.474 -|- DEBUG -|- operator() -|- 0x7efdb7bfb640|| -|- #Reads, #Aln, #RPM: 747921, 751700, 22653
>|> 20241011 21:11:30.634 -|- DEBUG -|- operator() -|- 0x7efdb73fa640|| -|- #Reads, #Aln, #RPM: 749912, 753700, 22645
>|> 20241011 21:11:36.717 -|- DEBUG -|- operator() -|- 0x7efdb7bfb640|| -|- #Reads, #Aln, #RPM: 752206, 756000, 22645
>|> 20241011 21:11:43.045 -|- DEBUG -|- operator() -|- 0x7efdb83fc640|| -|- #Reads, #Aln, #RPM: 754200, 758000, 22626
>|> 20241011 21:11:49.202 -|- DEBUG -|- operator() -|- 0x7efdb8bfd640|| -|- #Reads, #Aln, #RPM: 756183, 760000, 22618
>|> 20241011 21:11:55.353 -|- DEBUG -|- operator() -|- 0x7efdb6bf9640|| -|- #Reads, #Aln, #RPM: 758275, 762100, 22613
>|> 20241011 21:12:01.722 -|- DEBUG -|- operator() -|- 0x7efdb6bf9640|| -|- #Reads, #Aln, #RPM: 760670, 764500, 22617
>|> 20241011 21:12:07.989 -|- DEBUG -|- operator() -|- 0x7efdb6bf9640|| -|- #Reads, #Aln, #RPM: 762858, 766700, 22603
>|> 20241011 21:12:14.050 -|- DEBUG -|- operator() -|- 0x7efdb83fc640|| -|- #Reads, #Aln, #RPM: 764852, 768700, 22595
>|> 20241011 21:12:20.219 -|- DEBUG -|- operator() -|- 0x7efdb6bf9640|| -|- #Reads, #Aln, #RPM: 767047, 770900, 22593
>|> 20241011 21:12:26.817 -|- DEBUG -|- operator() -|- 0x7efdb7bfb640|| -|- #Reads, #Aln, #RPM: 770023, 773900, 22614
>|> 20241011 21:12:33.149 -|- DEBUG -|- operator() -|- 0x7efdb7bfb640|| -|- #Reads, #Aln, #RPM: 772409, 776300, 22607
>|> 20241011 21:12:39.175 -|- DEBUG -|- operator() -|- 0x7efdb83fc640|| -|- #Reads, #Aln, #RPM: 774592, 778500, 22605
>|> 20241011 21:12:45.293 -|- DEBUG -|- operator() -|- 0x7efdb8bfd640|| -|- #Reads, #Aln, #RPM: 776588, 780500, 22597
>|> 20241011 21:12:51.632 -|- DEBUG -|- operator() -|- 0x7efdb8bfd640|| -|- #Reads, #Aln, #RPM: 779080, 783000, 22604
>|> 20241011 21:12:57.823 -|- DEBUG -|- operator() -|- 0x7efdb73fa640|| -|- #Reads, #Aln, #RPM: 781268, 785200, 22602
>|> 20241011 21:13:04.578 -|- DEBUG -|- operator() -|- 0x7efdb93fe640|| -|- #Reads, #Aln, #RPM: 783359, 787300, 22586
>|> 20241011 21:13:10.648 -|- DEBUG -|- operator() -|- 0x7efdb7bfb640|| -|- #Reads, #Aln, #RPM: 785347, 789300, 22578
>|> 20241011 21:13:17.012 -|- DEBUG -|- operator() -|- 0x7efdb73fa640|| -|- #Reads, #Aln, #RPM: 787431, 791400, 22562
>|> 20241011 21:13:23.028 -|- DEBUG -|- operator() -|- 0x7efdb73fa640|| -|- #Reads, #Aln, #RPM: 789722, 793700, 22563
>|> 20241011 21:13:29.042 -|- DEBUG -|- operator() -|- 0x7efdb6bf9640|| -|- #Reads, #Aln, #RPM: 791496, 795500, 22550
>|> 20241011 21:13:35.101 -|- DEBUG -|- operator() -|- 0x7efdb7bfb640|| -|- #Reads, #Aln, #RPM: 793290, 797300, 22537
>|> 20241011 21:13:41.215 -|- DEBUG -|- operator() -|- 0x7efdb83fc640|| -|- #Reads, #Aln, #RPM: 795280, 799300, 22529
>|> 20241011 21:13:47.623 -|- DEBUG -|- operator() -|- 0x7efdb7bfb640|| -|- #Reads, #Aln, #RPM: 797672, 801700, 22533
>|> 20241011 21:13:53.709 -|- DEBUG -|- operator() -|- 0x7efdb83fc640|| -|- #Reads, #Aln, #RPM: 800065, 804100, 22537
>|> 20241011 21:14:00.066 -|- DEBUG -|- operator() -|- 0x7efdb7bfb640|| -|- #Reads, #Aln, #RPM: 802255, 806300, 22525
>|> 20241011 21:14:06.067 -|- DEBUG -|- operator() -|- 0x7efdb73fa640|| -|- #Reads, #Aln, #RPM: 804444, 808500, 22523
>|> 20241011 21:14:12.644 -|- DEBUG -|- operator() -|- 0x7efdb93fe640|| -|- #Reads, #Aln, #RPM: 805940, 810000, 22502
>|> 20241011 21:14:18.931 -|- DEBUG -|- operator() -|- 0x7efdb73fa640|| -|- #Reads, #Aln, #RPM: 807731, 811800, 22489
>|> 20241011 21:14:25.254 -|- DEBUG -|- operator() -|- 0x7efdb73fa640|| -|- #Reads, #Aln, #RPM: 810016, 814100, 22480
>|> 20241011 21:14:33.469 -|- DEBUG -|- operator() -|- 0x7efdb7bfb640|| -|- #Reads, #Aln, #RPM: 811813, 815900, 22446
>|> 20241011 21:14:39.558 -|- DEBUG -|- operator() -|- 0x7efdb8bfd640|| -|- #Reads, #Aln, #RPM: 813010, 817200, 22418
>|> 20241011 21:14:45.853 -|- DEBUG -|- operator() -|- 0x7efdb8bfd640|| -|- #Reads, #Aln, #RPM: 815698, 819900, 22430
>|> 20241011 21:14:52.026 -|- DEBUG -|- operator() -|- 0x7efdb93fe640|| -|- #Reads, #Aln, #RPM: 818292, 822500, 22429
>|> 20241011 21:14:58.164 -|- DEBUG -|- operator() -|- 0x7efdb83fc640|| -|- #Reads, #Aln, #RPM: 820682, 824900, 22433
>|> 20241011 21:15:04.431 -|- DEBUG -|- operator() -|- 0x7efdb83fc640|| -|- #Reads, #Aln, #RPM: 823073, 827300, 22437
>|> 20241011 21:15:10.449 -|- DEBUG -|- operator() -|- 0x7efdb6bf9640|| -|- #Reads, #Aln, #RPM: 826449, 830700, 22468
>|> 20241011 21:15:34.846 -|- DEBUG -|- operator() -|- 0x7efdb6bf9640|| -|- #Reads, #Aln, #RPM: 828045, 832300, 22269
>|> 20241011 21:15:40.948 -|- DEBUG -|- operator() -|- 0x7efdb6bf9640|| -|- #Reads, #Aln, #RPM: 830134, 834400, 22266
>|> 20241011 21:15:46.980 -|- DEBUG -|- operator() -|- 0x7efdb6bf9640|| -|- #Reads, #Aln, #RPM: 832126, 836400, 22259
>|> 20241011 21:15:53.117 -|- DEBUG -|- operator() -|- 0x7efdb6bf9640|| -|- #Reads, #Aln, #RPM: 834316, 838600, 22248
>|> 20241011 21:15:59.221 -|- DEBUG -|- operator() -|- 0x7efdb73fa640|| -|- #Reads, #Aln, #RPM: 837201, 841600, 22266
>|> 20241011 21:16:05.516 -|- DEBUG -|- operator() -|- 0x7efdb83fc640|| -|- #Reads, #Aln, #RPM: 839494, 843900, 22268
>|> 20241011 21:16:11.654 -|- DEBUG -|- operator() -|- 0x7efdb73fa640|| -|- #Reads, #Aln, #RPM: 841981, 846400, 22275
>|> 20241011 21:16:17.810 -|- DEBUG -|- operator() -|- 0x7efdb7bfb640|| -|- #Reads, #Aln, #RPM: 844467, 848900, 22281
>|> 20241011 21:16:23.831 -|- DEBUG -|- operator() -|- 0x7efdb73fa640|| -|- #Reads, #Aln, #RPM: 846260, 850700, 22270
>|> 20241011 21:16:29.931 -|- DEBUG -|- operator() -|- 0x7efdb83fc640|| -|- #Reads, #Aln, #RPM: 848351, 852800, 22266
>|> 20241011 21:16:35.961 -|- DEBUG -|- operator() -|- 0x7efdb6bf9640|| -|- #Reads, #Aln, #RPM: 850938, 855400, 22276
>|> 20241011 21:16:42.002 -|- DEBUG -|- operator() -|- 0x7efdb73fa640|| -|- #Reads, #Aln, #RPM: 853731, 858200, 22281
>|> 20241011 21:16:48.020 -|- DEBUG -|- operator() -|- 0x7efdb7bfb640|| -|- #Reads, #Aln, #RPM: 855919, 860400, 22280
>|> 20241011 21:16:54.132 -|- DEBUG -|- operator() -|- 0x7efdb7bfb640|| -|- #Reads, #Aln, #RPM: 858213, 862700, 22282
>|> 20241011 21:17:00.665 -|- DEBUG -|- operator() -|- 0x7efdb7bfb640|| -|- #Reads, #Aln, #RPM: 860398, 864900, 22280
>|> 20241011 21:17:06.901 -|- DEBUG -|- operator() -|- 0x7efdb93fe640|| -|- #Reads, #Aln, #RPM: 863288, 867800, 22298
>|> 20241011 21:17:13.133 -|- DEBUG -|- operator() -|- 0x7efdb73fa640|| -|- #Reads, #Aln, #RPM: 865575, 870100, 22289
>|> 20241011 21:17:19.194 -|- DEBUG -|- operator() -|- 0x7efdb7bfb640|| -|- #Reads, #Aln, #RPM: 867865, 872400, 22291
>|> 20241011 21:17:25.285 -|- DEBUG -|- operator() -|- 0x7efdb6bf9640|| -|- #Reads, #Aln, #RPM: 870255, 874800, 22295
>|> 20241011 21:17:31.312 -|- DEBUG -|- operator() -|- 0x7efdb6bf9640|| -|- #Reads, #Aln, #RPM: 873043, 877600, 22309
>|> 20241011 21:17:37.471 -|- DEBUG -|- operator() -|- 0x7efdb7bfb640|| -|- #Reads, #Aln, #RPM: 875129, 879700, 22306
>|> 20241011 21:17:43.501 -|- DEBUG -|- operator() -|- 0x7efdb93fe640|| -|- #Reads, #Aln, #RPM: 877320, 881900, 22305
>|> 20241011 21:17:49.918 -|- DEBUG -|- operator() -|- 0x7efdb6bf9640|| -|- #Reads, #Aln, #RPM: 880011, 884600, 22316
>|> 20241011 21:17:56.248 -|- DEBUG -|- operator() -|- 0x7efdb93fe640|| -|- #Reads, #Aln, #RPM: 882699, 887300, 22319
>|> 20241011 21:18:02.335 -|- DEBUG -|- operator() -|- 0x7efdb93fe640|| -|- #Reads, #Aln, #RPM: 885690, 890300, 22338
>|> 20241011 21:18:08.404 -|- DEBUG -|- operator() -|- 0x7efdb6bf9640|| -|- #Reads, #Aln, #RPM: 887979, 892600, 22339
>|> 20241011 21:18:14.498 -|- DEBUG -|- operator() -|- 0x7efdb6bf9640|| -|- #Reads, #Aln, #RPM: 890966, 895600, 22358
>|> 20241011 21:18:20.602 -|- DEBUG -|- operator() -|- 0x7efdb83fc640|| -|- #Reads, #Aln, #RPM: 893060, 897700, 22354
>|> 20241011 21:18:26.750 -|- DEBUG -|- operator() -|- 0x7efdb6bf9640|| -|- #Reads, #Aln, #RPM: 895744, 900400, 22366
>|> 20241011 21:18:32.768 -|- DEBUG -|- operator() -|- 0x7efdb93fe640|| -|- #Reads, #Aln, #RPM: 898237, 902900, 22372
>|> 20241011 21:18:38.880 -|- DEBUG -|- operator() -|- 0x7efdb7bfb640|| -|- #Reads, #Aln, #RPM: 900827, 905500, 22381
>|> 20241011 21:18:45.087 -|- DEBUG -|- operator() -|- 0x7efdb6bf9640|| -|- #Reads, #Aln, #RPM: 903417, 908100, 22380
>|> 20241011 21:18:51.187 -|- DEBUG -|- operator() -|- 0x7efdb8bfd640|| -|- #Reads, #Aln, #RPM: 906105, 910800, 22391
>|> 20241011 21:18:57.441 -|- DEBUG -|- operator() -|- 0x7efdb7bfb640|| -|- #Reads, #Aln, #RPM: 909191, 913900, 22412
>|> 20241011 21:19:03.938 -|- DEBUG -|- operator() -|- 0x7efdb83fc640|| -|- #Reads, #Aln, #RPM: 911778, 916500, 22421
>|> 20241011 21:19:10.078 -|- DEBUG -|- operator() -|- 0x7efdb73fa640|| -|- #Reads, #Aln, #RPM: 914169, 918900, 22415
>|> 20241011 21:19:16.580 -|- DEBUG -|- operator() -|- 0x7efdb73fa640|| -|- #Reads, #Aln, #RPM: 916825, 921600, 22425
>|> 20241011 21:19:22.799 -|- DEBUG -|- operator() -|- 0x7efdb83fc640|| -|- #Reads, #Aln, #RPM: 919408, 924200, 22434
>|> 20241011 21:19:29.041 -|- DEBUG -|- operator() -|- 0x7efdb6bf9640|| -|- #Reads, #Aln, #RPM: 921997, 926800, 22433
>|> 20241011 21:19:35.495 -|- DEBUG -|- operator() -|- 0x7efdb7bfb640|| -|- #Reads, #Aln, #RPM: 924680, 929500, 22444
>|> 20241011 21:19:41.609 -|- DEBUG -|- operator() -|- 0x7efdb73fa640|| -|- #Reads, #Aln, #RPM: 927767, 932600, 22464
>|> 20241011 21:19:47.614 -|- DEBUG -|- operator() -|- 0x7efdb83fc640|| -|- #Reads, #Aln, #RPM: 930261, 935100, 22470
>|> 20241011 21:19:53.979 -|- DEBUG -|- operator() -|- 0x7efdb93fe640|| -|- #Reads, #Aln, #RPM: 932543, 937400, 22471
>|> 20241011 21:20:00.537 -|- DEBUG -|- operator() -|- 0x7efdb7bfb640|| -|- #Reads, #Aln, #RPM: 934930, 939800, 22465
>|> 20241011 21:20:06.607 -|- DEBUG -|- operator() -|- 0x7efdb7bfb640|| -|- #Reads, #Aln, #RPM: 937218, 942100, 22466
>|> 20241011 21:20:13.229 -|- DEBUG -|- operator() -|- 0x7efdb6bf9640|| -|- #Reads, #Aln, #RPM: 939706, 944600, 22463
>|> 20241011 21:20:19.368 -|- DEBUG -|- operator() -|- 0x7efdb93fe640|| -|- #Reads, #Aln, #RPM: 942192, 947100, 22469
>|> 20241011 21:20:25.769 -|- DEBUG -|- operator() -|- 0x7efdb8bfd640|| -|- #Reads, #Aln, #RPM: 945085, 950000, 22484
>|> 20241011 21:20:31.956 -|- DEBUG -|- operator() -|- 0x7efdb6bf9640|| -|- #Reads, #Aln, #RPM: 947372, 952300, 22485
>|> 20241011 21:20:38.375 -|- DEBUG -|- operator() -|- 0x7efdb73fa640|| -|- #Reads, #Aln, #RPM: 949766, 954700, 22480
>|> 20241011 21:20:44.387 -|- DEBUG -|- operator() -|- 0x7efdb6bf9640|| -|- #Reads, #Aln, #RPM: 952458, 957400, 22490
